0 info it worked if it ends with ok
1 verbose cli [ 'C:\\Program Files\\nodejs\\node.exe',
1 verbose cli   'C:\\Program Files\\nodejs\\node_modules\\npm\\bin\\npm-cli.js',
1 verbose cli   'run',
1 verbose cli   'build:weapp',
1 verbose cli   '--',
1 verbose cli   '--watch' ]
2 info using npm@3.10.8
3 info using node@v6.9.0
4 warn invalid config loglevel="notice"
5 verbose run-script [ 'prebuild:weapp', 'build:weapp', 'postbuild:weapp' ]
6 info lifecycle frontend@1.0.0~prebuild:weapp: frontend@1.0.0
7 silly lifecycle frontend@1.0.0~prebuild:weapp: no script for prebuild:weapp, continuing
8 info lifecycle frontend@1.0.0~build:weapp: frontend@1.0.0
9 verbose lifecycle frontend@1.0.0~build:weapp: unsafe-perm in lifecycle true
10 verbose lifecycle frontend@1.0.0~build:weapp: PATH: C:\Users\web_x\AppData\Roaming\nvm\v6.9.0\node_modules\npm\bin\node-gyp-bin;E:\python\flask\frontend\node_modules\.bin;C:\Users\web_x\AppData\Roaming\npm\node_modules\npm\node_modules\npm-lifecycle\node-gyp-bin;E:\python\flask\frontend\node_modules\.bin;C:\ProgramData\Anaconda3\Scripts;C:\ProgramData\Anaconda3\Library\mingw-w64\bin;C:\ProgramData\Anaconda3\Library\usr\bin;C:\ProgramData\Anaconda3\Library\bin;C:\ProgramData\Anaconda3\Scripts;C:\Program Files (x86)\Intel\iCLS Client\;C:\Program Files\Intel\iCLS Client\;C:\Windows\system32;C:\Windows;C:\Windows\System32\Wbem;C:\Windows\System32\WindowsPowerShell\v1.0\;C:\Program Files (x86)\NVIDIA Corporation\PhysX\Common;C:\Program Files (x86)\Intel\Intel(R) Management Engine Components\DAL;C:\Program Files\Intel\Intel(R) Management Engine Components\DAL;C:\Program Files (x86)\Intel\Intel(R) Management Engine Components\IPT;C:\Program Files\Intel\Intel(R) Management Engine Components\IPT;C:\Program Files\VisualSVN Server\bin;C:\Program Files\TortoiseSVN\bin;C:\Program Files\Git\cmd;C:\Program Files (x86)\AOMEI Backupper;C:\Users\web_x\AppData\Local\Programs\Python\Python36-32;C:\WINDOWS\system32;C:\WINDOWS;C:\WINDOWS\System32\Wbem;C:\WINDOWS\System32\WindowsPowerShell\v1.0\;C:\WINDOWS\System32\OpenSSH\;C:\Program Files\Microsoft VS Code\bin;C:\Program Files\MySQL\MySQL Server 8.0\bin;C:\Python2.7\;C:\Python2.7\Scripts\;C:\HashiCorp\Vagrant\bin;C:\Users\web_x\AppData\Roaming\nvm;C:\Program Files\nodejs;C:\Ruby25-x64\bin;C:\Users\web_x\AppData\Local\Programs\Python\Python36-32\Scripts\;C:\Users\web_x\AppData\Local\Programs\Python\Python36-32\;C:\Users\web_x\AppData\Local\Microsoft\WindowsApps;C:\Program Files\Microsoft VS Code\bin;C:\Users\web_x\AppData\Roaming\npm;C:\Users\web_x\AppData\Local\Programs\Fiddler;C:\Users\web_x\AppData\Roaming\nvm;C:\Program Files\nodejs
11 verbose lifecycle frontend@1.0.0~build:weapp: CWD: E:\python\flask\frontend
12 silly lifecycle frontend@1.0.0~build:weapp: Args: [ '/d /s /c', 'taro build --type weapp "--watch"' ]
13 silly lifecycle frontend@1.0.0~build:weapp: Returned: code: 1  signal: null
14 info lifecycle frontend@1.0.0~build:weapp: Failed to exec build:weapp script
15 verbose stack Error: frontend@1.0.0 build:weapp: `taro build --type weapp "--watch"`
15 verbose stack Exit status 1
15 verbose stack     at EventEmitter.<anonymous> (C:\Users\web_x\AppData\Roaming\nvm\v6.9.0\node_modules\npm\lib\utils\lifecycle.js:255:16)
15 verbose stack     at emitTwo (events.js:106:13)
15 verbose stack     at EventEmitter.emit (events.js:191:7)
15 verbose stack     at ChildProcess.<anonymous> (C:\Users\web_x\AppData\Roaming\nvm\v6.9.0\node_modules\npm\lib\utils\spawn.js:40:14)
15 verbose stack     at emitTwo (events.js:106:13)
15 verbose stack     at ChildProcess.emit (events.js:191:7)
15 verbose stack     at maybeClose (internal/child_process.js:877:16)
15 verbose stack     at Process.ChildProcess._handle.onexit (internal/child_process.js:226:5)
16 verbose pkgid frontend@1.0.0
17 verbose cwd E:\python\flask\frontend
18 error Windows_NT 10.0.17134
19 error argv "C:\\Program Files\\nodejs\\node.exe" "C:\\Program Files\\nodejs\\node_modules\\npm\\bin\\npm-cli.js" "run" "build:weapp" "--" "--watch"
20 error node v6.9.0
21 error npm  v3.10.8
22 error code ELIFECYCLE
23 error frontend@1.0.0 build:weapp: `taro build --type weapp "--watch"`
23 error Exit status 1
24 error Failed at the frontend@1.0.0 build:weapp script 'taro build --type weapp "--watch"'.
24 error Make sure you have the latest version of node.js and npm installed.
24 error If you do, this is most likely a problem with the frontend package,
24 error not with npm itself.
24 error Tell the author that this fails on your system:
24 error     taro build --type weapp "--watch"
24 error You can get information on how to open an issue for this project with:
24 error     npm bugs frontend
24 error Or if that isn't available, you can get their info via:
24 error     npm owner ls frontend
24 error There is likely additional logging output above.
25 verbose exit [ 1, true ]
